10:20:07: Creating resource group General
10:20:07: Creating resource group OgreInternal
10:20:07: Creating resource group OgreAutodetect
10:20:07: SceneManagerFactory for type 'DefaultSceneManager' registered.
10:20:07: Registering ResourceManager for type Material
10:20:07: Registering ResourceManager for type Mesh
10:20:07: Registering ResourceManager for type Skeleton
10:20:07: MovableObjectFactory for type 'ParticleSystem' registered.
10:20:07: ArchiveFactory for archive type FileSystem registered.
10:20:07: ArchiveFactory for archive type Zip registered.
10:20:07: ArchiveFactory for archive type EmbeddedZip registered.
10:20:07: DDS codec registering
10:20:07: ETC codec registering
10:20:07: Registering ResourceManager for type HighLevelGpuProgram
10:20:07: Registering ResourceManager for type Compositor
10:20:07: MovableObjectFactory for type 'Entity' registered.
10:20:07: MovableObjectFactory for type 'Light' registered.
10:20:07: MovableObjectFactory for type 'BillboardSet' registered.
10:20:07: MovableObjectFactory for type 'ManualObject' registered.
10:20:07: MovableObjectFactory for type 'BillboardChain' registered.
10:20:07: MovableObjectFactory for type 'RibbonTrail' registered.
10:20:07: Ogre::FileNotFoundException::FileNotFoundException: 'plugins.cfg' file not found! in ConfigFile::load at C:\Users\Aramis\Documents\ProyectoIII\PesteTeam\Dependencies\ogre-1.11.5\OgreMain\src\OgreConfigFile.cpp (line 67)
10:20:07: automatic plugin loading disabled: 'plugins.cfg' file not found!
10:20:07: *-*-* OGRE Initialising
10:20:07: *-*-* Version 1.11.5 (Rhagorthua)
10:20:07: Loading library plugins.cfg
10:20:07: Ogre::InternalErrorException::InternalErrorException: Could not load dynamic library plugins.cfg.  System Error: No se puede encontrar el módulo especificado.
 in DynLib::load at C:\Users\Aramis\Documents\ProyectoIII\PesteTeam\Dependencies\ogre-1.11.5\OgreMain\src\OgreDynLib.cpp (line 112)
