11:01:51  |  Platform  |  Info  |  * Initialise: DataManager  |  C:\Users\Aramis\Documents\PesteTeamRepo\PesteTeam\Dependencies\mygui\Platforms\Ogre\OgrePlatform\src\MyGUI_OgreDataManager.cpp  |  27
11:01:51  |  Platform  |  Info  |  DataManager successfully initialized  |  C:\Users\Aramis\Documents\PesteTeamRepo\PesteTeam\Dependencies\mygui\Platforms\Ogre\OgrePlatform\src\MyGUI_OgreDataManager.cpp  |  35
11:01:51  |  Platform  |  Info  |  * Initialise: RenderManager  |  C:\Users\Aramis\Documents\PesteTeamRepo\PesteTeam\Dependencies\mygui\Platforms\Ogre\OgrePlatform\src\MyGUI_OgreRenderManager.cpp  |  43
11:01:51  |  Platform  |  Info  |  RenderManager successfully initialized  |  C:\Users\Aramis\Documents\PesteTeamRepo\PesteTeam\Dependencies\mygui\Platforms\Ogre\OgrePlatform\src\MyGUI_OgreRenderManager.cpp  |  71
11:01:51  |  Core  |  Info  |  * Initialise: Gui  |  C:\Users\Aramis\Documents\PesteTeamRepo\PesteTeam\Dependencies\mygui\MyGUIEngine\src\MyGUI_Gui.cpp  |  61
11:01:51  |  Core  |  Info  |  * MyGUI version 3.4.0  |  C:\Users\Aramis\Documents\PesteTeamRepo\PesteTeam\Dependencies\mygui\MyGUIEngine\src\MyGUI_Gui.cpp  |  66
11:01:51  |  Core  |  Info  |  * Initialise: ResourceManager  |  C:\Users\Aramis\Documents\PesteTeamRepo\PesteTeam\Dependencies\mygui\MyGUIEngine\src\MyGUI_ResourceManager.cpp  |  32
11:01:51  |  Core  |  Info  |  ResourceManager successfully initialized  |  C:\Users\Aramis\Documents\PesteTeamRepo\PesteTeam\Dependencies\mygui\MyGUIEngine\src\MyGUI_ResourceManager.cpp  |  40
11:01:51  |  Core  |  Info  |  * Initialise: LayerManager  |  C:\Users\Aramis\Documents\PesteTeamRepo\PesteTeam\Dependencies\mygui\MyGUIEngine\src\MyGUI_LayerManager.cpp  |  33
11:01:51  |  Core  |  Info  |  LayerManager successfully initialized  |  C:\Users\Aramis\Documents\PesteTeamRepo\PesteTeam\Dependencies\mygui\MyGUIEngine\src\MyGUI_LayerManager.cpp  |  41
11:01:51  |  Core  |  Info  |  * Initialise: WidgetManager  |  C:\Users\Aramis\Documents\PesteTeamRepo\PesteTeam\Dependencies\mygui\MyGUIEngine\src\MyGUI_WidgetManager.cpp  |  53
11:01:51  |  Core  |  Info  |  WidgetManager successfully initialized  |  C:\Users\Aramis\Documents\PesteTeamRepo\PesteTeam\Dependencies\mygui\MyGUIEngine\src\MyGUI_WidgetManager.cpp  |  84
11:01:51  |  Core  |  Info  |  * Initialise: InputManager  |  C:\Users\Aramis\Documents\PesteTeamRepo\PesteTeam\Dependencies\mygui\MyGUIEngine\src\MyGUI_InputManager.cpp  |  46
11:01:51  |  Core  |  Info  |  InputManager successfully initialized  |  C:\Users\Aramis\Documents\PesteTeamRepo\PesteTeam\Dependencies\mygui\MyGUIEngine\src\MyGUI_InputManager.cpp  |  66
11:01:51  |  Core  |  Info  |  * Initialise: SubWidgetManager  |  C:\Users\Aramis\Documents\PesteTeamRepo\PesteTeam\Dependencies\mygui\MyGUIEngine\src\MyGUI_SubWidgetManager.cpp  |  36
11:01:51  |  Core  |  Info  |  SubWidgetManager successfully initialized  |  C:\Users\Aramis\Documents\PesteTeamRepo\PesteTeam\Dependencies\mygui\MyGUIEngine\src\MyGUI_SubWidgetManager.cpp  |  56
11:01:51  |  Core  |  Info  |  * Initialise: SkinManager  |  C:\Users\Aramis\Documents\PesteTeamRepo\PesteTeam\Dependencies\mygui\MyGUIEngine\src\MyGUI_SkinManager.cpp  |  36
11:01:51  |  Core  |  Info  |  SkinManager successfully initialized  |  C:\Users\Aramis\Documents\PesteTeamRepo\PesteTeam\Dependencies\mygui\MyGUIEngine\src\MyGUI_SkinManager.cpp  |  46
11:01:51  |  Core  |  Info  |  * Initialise: FontManager  |  C:\Users\Aramis\Documents\PesteTeamRepo\PesteTeam\Dependencies\mygui\MyGUIEngine\src\MyGUI_FontManager.cpp  |  32
11:01:51  |  Core  |  Info  |  FontManager successfully initialized  |  C:\Users\Aramis\Documents\PesteTeamRepo\PesteTeam\Dependencies\mygui\MyGUIEngine\src\MyGUI_FontManager.cpp  |  42
11:01:51  |  Core  |  Info  |  * Initialise: ControllerManager  |  C:\Users\Aramis\Documents\PesteTeamRepo\PesteTeam\Dependencies\mygui\MyGUIEngine\src\MyGUI_ControllerManager.cpp  |  33
11:01:51  |  Core  |  Info  |  ControllerManager successfully initialized  |  C:\Users\Aramis\Documents\PesteTeamRepo\PesteTeam\Dependencies\mygui\MyGUIEngine\src\MyGUI_ControllerManager.cpp  |  42
11:01:51  |  Core  |  Info  |  * Initialise: PointerManager  |  C:\Users\Aramis\Documents\PesteTeamRepo\PesteTeam\Dependencies\mygui\MyGUIEngine\src\MyGUI_PointerManager.cpp  |  43
11:01:51  |  Core  |  Info  |  PointerManager successfully initialized  |  C:\Users\Aramis\Documents\PesteTeamRepo\PesteTeam\Dependencies\mygui\MyGUIEngine\src\MyGUI_PointerManager.cpp  |  62
11:01:51  |  Core  |  Info  |  * Initialise: ClipboardManager  |  C:\Users\Aramis\Documents\PesteTeamRepo\PesteTeam\Dependencies\mygui\MyGUIEngine\src\MyGUI_ClipboardManager.cpp  |  32
11:01:51  |  Core  |  Info  |  ClipboardManager successfully initialized  |  C:\Users\Aramis\Documents\PesteTeamRepo\PesteTeam\Dependencies\mygui\MyGUIEngine\src\MyGUI_ClipboardManager.cpp  |  39
11:01:51  |  Core  |  Info  |  * Initialise: LayoutManager  |  C:\Users\Aramis\Documents\PesteTeamRepo\PesteTeam\Dependencies\mygui\MyGUIEngine\src\MyGUI_LayoutManager.cpp  |  28
11:01:51  |  Core  |  Info  |  LayoutManager successfully initialized  |  C:\Users\Aramis\Documents\PesteTeamRepo\PesteTeam\Dependencies\mygui\MyGUIEngine\src\MyGUI_LayoutManager.cpp  |  35
11:01:51  |  Core  |  Info  |  * Initialise: DynLibManager  |  C:\Users\Aramis\Documents\PesteTeamRepo\PesteTeam\Dependencies\mygui\MyGUIEngine\src\MyGUI_DynLibManager.cpp  |  26
11:01:51  |  Core  |  Info  |  DynLibManager successfully initialized  |  C:\Users\Aramis\Documents\PesteTeamRepo\PesteTeam\Dependencies\mygui\MyGUIEngine\src\MyGUI_DynLibManager.cpp  |  30
11:01:51  |  Core  |  Info  |  * Initialise: PluginManager  |  C:\Users\Aramis\Documents\PesteTeamRepo\PesteTeam\Dependencies\mygui\MyGUIEngine\src\MyGUI_PluginManager.cpp  |  30
11:01:51  |  Core  |  Info  |  PluginManager successfully initialized  |  C:\Users\Aramis\Documents\PesteTeamRepo\PesteTeam\Dependencies\mygui\MyGUIEngine\src\MyGUI_PluginManager.cpp  |  34
11:01:51  |  Core  |  Info  |  * Initialise: LanguageManager  |  C:\Users\Aramis\Documents\PesteTeamRepo\PesteTeam\Dependencies\mygui\MyGUIEngine\src\MyGUI_LanguageManager.cpp  |  30
11:01:51  |  Core  |  Info  |  LanguageManager successfully initialized  |  C:\Users\Aramis\Documents\PesteTeamRepo\PesteTeam\Dependencies\mygui\MyGUIEngine\src\MyGUI_LanguageManager.cpp  |  34
11:01:51  |  Core  |  Info  |  * Initialise: FactoryManager  |  C:\Users\Aramis\Documents\PesteTeamRepo\PesteTeam\Dependencies\mygui\MyGUIEngine\src\MyGUI_FactoryManager.cpp  |  25
11:01:51  |  Core  |  Info  |  FactoryManager successfully initialized  |  C:\Users\Aramis\Documents\PesteTeamRepo\PesteTeam\Dependencies\mygui\MyGUIEngine\src\MyGUI_FactoryManager.cpp  |  27
11:01:51  |  Core  |  Info  |  * Initialise: ToolTipManager  |  C:\Users\Aramis\Documents\PesteTeamRepo\PesteTeam\Dependencies\mygui\MyGUIEngine\src\MyGUI_ToolTipManager.cpp  |  33
11:01:51  |  Core  |  Info  |  ToolTipManager successfully initialized  |  C:\Users\Aramis\Documents\PesteTeamRepo\PesteTeam\Dependencies\mygui\MyGUIEngine\src\MyGUI_ToolTipManager.cpp  |  45
11:01:51  |  Core  |  Info  |  Load ini file 'MyGUI_GeneratedFonts.xml'  |  C:\Users\Aramis\Documents\PesteTeamRepo\PesteTeam\Dependencies\mygui\MyGUIEngine\src\MyGUI_ResourceManager.cpp  |  114
11:01:51  |  Core  |  Info  |  Load ini file 'MyGUI_Fonts.xml'  |  C:\Users\Aramis\Documents\PesteTeamRepo\PesteTeam\Dependencies\mygui\MyGUIEngine\src\MyGUI_ResourceManager.cpp  |  114
11:01:51  |  Core  |  Info  |  ResourceTrueTypeFont: Font 'DejaVuSansFont_15' using texture size 128 x 256.  |  C:\Users\Aramis\Documents\PesteTeamRepo\PesteTeam\Dependencies\mygui\MyGUIEngine\src\MyGUI_ResourceTrueTypeFont.cpp  |  717
11:01:51  |  Core  |  Info  |  ResourceTrueTypeFont: Font 'DejaVuSansFont_15' using real height 17 pixels.  |  C:\Users\Aramis\Documents\PesteTeamRepo\PesteTeam\Dependencies\mygui\MyGUIEngine\src\MyGUI_ResourceTrueTypeFont.cpp  |  718
11:01:51  |  Core  |  Info  |  Load ini file 'MyGUI_CommonSkins.xml'  |  C:\Users\Aramis\Documents\PesteTeamRepo\PesteTeam\Dependencies\mygui\MyGUIEngine\src\MyGUI_ResourceManager.cpp  |  114
11:01:51  |  Core  |  Info  |  Register value : 'HCenter' = 0  |  c:\users\aramis\documents\pesteteamrepo\pesteteam\dependencies\mygui\myguiengine\include\MyGUI_Align.h  |  228
11:01:51  |  Core  |  Info  |  Register value : 'VCenter' = 0  |  c:\users\aramis\documents\pesteteamrepo\pesteteam\dependencies\mygui\myguiengine\include\MyGUI_Align.h  |  229
11:01:51  |  Core  |  Info  |  Register value : 'Center' = 0  |  c:\users\aramis\documents\pesteteamrepo\pesteteam\dependencies\mygui\myguiengine\include\MyGUI_Align.h  |  230
11:01:51  |  Core  |  Info  |  Register value : 'Left' = 2  |  c:\users\aramis\documents\pesteteamrepo\pesteteam\dependencies\mygui\myguiengine\include\MyGUI_Align.h  |  231
11:01:51  |  Core  |  Info  |  Register value : 'Right' = 4  |  c:\users\aramis\documents\pesteteamrepo\pesteteam\dependencies\mygui\myguiengine\include\MyGUI_Align.h  |  232
11:01:51  |  Core  |  Info  |  Register value : 'HStretch' = 6  |  c:\users\aramis\documents\pesteteamrepo\pesteteam\dependencies\mygui\myguiengine\include\MyGUI_Align.h  |  233
11:01:51  |  Core  |  Info  |  Register value : 'Top' = 8  |  c:\users\aramis\documents\pesteteamrepo\pesteteam\dependencies\mygui\myguiengine\include\MyGUI_Align.h  |  234
11:01:51  |  Core  |  Info  |  Register value : 'Bottom' = 16  |  c:\users\aramis\documents\pesteteamrepo\pesteteam\dependencies\mygui\myguiengine\include\MyGUI_Align.h  |  235
11:01:51  |  Core  |  Info  |  Register value : 'VStretch' = 24  |  c:\users\aramis\documents\pesteteamrepo\pesteteam\dependencies\mygui\myguiengine\include\MyGUI_Align.h  |  236
11:01:51  |  Core  |  Info  |  Register value : 'Stretch' = 30  |  c:\users\aramis\documents\pesteteamrepo\pesteteam\dependencies\mygui\myguiengine\include\MyGUI_Align.h  |  237
11:01:51  |  Core  |  Info  |  Register value : 'Default' = 10  |  c:\users\aramis\documents\pesteteamrepo\pesteteam\dependencies\mygui\myguiengine\include\MyGUI_Align.h  |  238
11:01:51  |  Core  |  Info  |  Load ini file 'MyGUI_BlueWhiteTheme.xml'  |  C:\Users\Aramis\Documents\PesteTeamRepo\PesteTeam\Dependencies\mygui\MyGUIEngine\src\MyGUI_ResourceManager.cpp  |  114
11:01:51  |  Core  |  Info  |  Load ini file 'MyGUI_BlueWhiteImages.xml'  |  C:\Users\Aramis\Documents\PesteTeamRepo\PesteTeam\Dependencies\mygui\MyGUIEngine\src\MyGUI_ResourceManager.cpp  |  114
11:01:51  |  Core  |  Info  |  Load ini file 'MyGUI_BlueWhiteSkins.xml'  |  C:\Users\Aramis\Documents\PesteTeamRepo\PesteTeam\Dependencies\mygui\MyGUIEngine\src\MyGUI_ResourceManager.cpp  |  114
11:01:51  |  Core  |  Info  |  Load ini file 'MyGUI_BlueWhiteTemplates.xml'  |  C:\Users\Aramis\Documents\PesteTeamRepo\PesteTeam\Dependencies\mygui\MyGUIEngine\src\MyGUI_ResourceManager.cpp  |  114
11:01:51  |  Core  |  Info  |  Load ini file 'MyGUI_PointerImages.xml'  |  C:\Users\Aramis\Documents\PesteTeamRepo\PesteTeam\Dependencies\mygui\MyGUIEngine\src\MyGUI_ResourceManager.cpp  |  114
11:01:51  |  Core  |  Info  |  Load ini file 'MyGUI_Pointers.xml'  |  C:\Users\Aramis\Documents\PesteTeamRepo\PesteTeam\Dependencies\mygui\MyGUIEngine\src\MyGUI_ResourceManager.cpp  |  114
11:01:51  |  Core  |  Info  |  Load ini file 'MyGUI_Layers.xml'  |  C:\Users\Aramis\Documents\PesteTeamRepo\PesteTeam\Dependencies\mygui\MyGUIEngine\src\MyGUI_ResourceManager.cpp  |  114
11:01:51  |  Core  |  Info  |  Load ini file 'MyGUI_Settings.xml'  |  C:\Users\Aramis\Documents\PesteTeamRepo\PesteTeam\Dependencies\mygui\MyGUIEngine\src\MyGUI_ResourceManager.cpp  |  114
11:01:51  |  Core  |  Info  |  Gui successfully initialized  |  C:\Users\Aramis\Documents\PesteTeamRepo\PesteTeam\Dependencies\mygui\MyGUIEngine\src\MyGUI_Gui.cpp  |  111
11:09:38  |  Core  |  Info  |  * Shutdown: Gui  |  C:\Users\Aramis\Documents\PesteTeamRepo\PesteTeam\Dependencies\mygui\MyGUIEngine\src\MyGUI_Gui.cpp  |  125
11:09:38  |  Core  |  Info  |  * Shutdown: PointerManager  |  C:\Users\Aramis\Documents\PesteTeamRepo\PesteTeam\Dependencies\mygui\MyGUIEngine\src\MyGUI_PointerManager.cpp  |  69
11:09:38  |  Core  |  Info  |  PointerManager successfully shutdown  |  C:\Users\Aramis\Documents\PesteTeamRepo\PesteTeam\Dependencies\mygui\MyGUIEngine\src\MyGUI_PointerManager.cpp  |  86
11:09:38  |  Core  |  Info  |  * Shutdown: InputManager  |  C:\Users\Aramis\Documents\PesteTeamRepo\PesteTeam\Dependencies\mygui\MyGUIEngine\src\MyGUI_InputManager.cpp  |  73
11:09:38  |  Core  |  Info  |  InputManager successfully shutdown  |  C:\Users\Aramis\Documents\PesteTeamRepo\PesteTeam\Dependencies\mygui\MyGUIEngine\src\MyGUI_InputManager.cpp  |  78
11:09:38  |  Core  |  Info  |  * Shutdown: SkinManager  |  C:\Users\Aramis\Documents\PesteTeamRepo\PesteTeam\Dependencies\mygui\MyGUIEngine\src\MyGUI_SkinManager.cpp  |  53
11:09:38  |  Core  |  Info  |  SkinManager successfully shutdown  |  C:\Users\Aramis\Documents\PesteTeamRepo\PesteTeam\Dependencies\mygui\MyGUIEngine\src\MyGUI_SkinManager.cpp  |  60
11:09:38  |  Core  |  Info  |  * Shutdown: SubWidgetManager  |  C:\Users\Aramis\Documents\PesteTeamRepo\PesteTeam\Dependencies\mygui\MyGUIEngine\src\MyGUI_SubWidgetManager.cpp  |  63
11:09:38  |  Core  |  Info  |  SubWidgetManager successfully shutdown  |  C:\Users\Aramis\Documents\PesteTeamRepo\PesteTeam\Dependencies\mygui\MyGUIEngine\src\MyGUI_SubWidgetManager.cpp  |  83
11:09:38  |  Core  |  Info  |  * Shutdown: LayerManager  |  C:\Users\Aramis\Documents\PesteTeamRepo\PesteTeam\Dependencies\mygui\MyGUIEngine\src\MyGUI_LayerManager.cpp  |  48
11:09:38  |  Core  |  Info  |  destroy layer 'Wallpaper'  |  C:\Users\Aramis\Documents\PesteTeamRepo\PesteTeam\Dependencies\mygui\MyGUIEngine\src\MyGUI_LayerManager.cpp  |  208
11:09:38  |  Core  |  Info  |  destroy layer 'Back'  |  C:\Users\Aramis\Documents\PesteTeamRepo\PesteTeam\Dependencies\mygui\MyGUIEngine\src\MyGUI_LayerManager.cpp  |  208
11:09:39  |  Core  |  Info  |  destroy layer 'Overlapped'  |  C:\Users\Aramis\Documents\PesteTeamRepo\PesteTeam\Dependencies\mygui\MyGUIEngine\src\MyGUI_LayerManager.cpp  |  208
11:09:39  |  Core  |  Info  |  destroy layer 'Middle'  |  C:\Users\Aramis\Documents\PesteTeamRepo\PesteTeam\Dependencies\mygui\MyGUIEngine\src\MyGUI_LayerManager.cpp  |  208
11:09:39  |  Core  |  Info  |  destroy layer 'Modal'  |  C:\Users\Aramis\Documents\PesteTeamRepo\PesteTeam\Dependencies\mygui\MyGUIEngine\src\MyGUI_LayerManager.cpp  |  208
11:09:39  |  Core  |  Info  |  destroy layer 'Main'  |  C:\Users\Aramis\Documents\PesteTeamRepo\PesteTeam\Dependencies\mygui\MyGUIEngine\src\MyGUI_LayerManager.cpp  |  208
11:09:39  |  Core  |  Info  |  destroy layer 'Popup'  |  C:\Users\Aramis\Documents\PesteTeamRepo\PesteTeam\Dependencies\mygui\MyGUIEngine\src\MyGUI_LayerManager.cpp  |  208
11:09:39  |  Core  |  Info  |  destroy layer 'FadeMiddle'  |  C:\Users\Aramis\Documents\PesteTeamRepo\PesteTeam\Dependencies\mygui\MyGUIEngine\src\MyGUI_LayerManager.cpp  |  208
11:09:39  |  Core  |  Info  |  destroy layer 'Info'  |  C:\Users\Aramis\Documents\PesteTeamRepo\PesteTeam\Dependencies\mygui\MyGUIEngine\src\MyGUI_LayerManager.cpp  |  208
11:09:39  |  Core  |  Info  |  destroy layer 'ToolTip'  |  C:\Users\Aramis\Documents\PesteTeamRepo\PesteTeam\Dependencies\mygui\MyGUIEngine\src\MyGUI_LayerManager.cpp  |  208
11:09:39  |  Core  |  Info  |  destroy layer 'DragAndDrop'  |  C:\Users\Aramis\Documents\PesteTeamRepo\PesteTeam\Dependencies\mygui\MyGUIEngine\src\MyGUI_LayerManager.cpp  |  208
11:09:39  |  Core  |  Info  |  destroy layer 'FadeBusy'  |  C:\Users\Aramis\Documents\PesteTeamRepo\PesteTeam\Dependencies\mygui\MyGUIEngine\src\MyGUI_LayerManager.cpp  |  208
11:09:39  |  Core  |  Info  |  destroy layer 'Pointer'  |  C:\Users\Aramis\Documents\PesteTeamRepo\PesteTeam\Dependencies\mygui\MyGUIEngine\src\MyGUI_LayerManager.cpp  |  208
11:09:39  |  Core  |  Info  |  destroy layer 'Fade'  |  C:\Users\Aramis\Documents\PesteTeamRepo\PesteTeam\Dependencies\mygui\MyGUIEngine\src\MyGUI_LayerManager.cpp  |  208
11:09:39  |  Core  |  Info  |  destroy layer 'Statistic'  |  C:\Users\Aramis\Documents\PesteTeamRepo\PesteTeam\Dependencies\mygui\MyGUIEngine\src\MyGUI_LayerManager.cpp  |  208
11:09:39  |  Core  |  Info  |  LayerManager successfully shutdown  |  C:\Users\Aramis\Documents\PesteTeamRepo\PesteTeam\Dependencies\mygui\MyGUIEngine\src\MyGUI_LayerManager.cpp  |  59
11:09:39  |  Core  |  Info  |  * Shutdown: FontManager  |  C:\Users\Aramis\Documents\PesteTeamRepo\PesteTeam\Dependencies\mygui\MyGUIEngine\src\MyGUI_FontManager.cpp  |  49
11:09:39  |  Core  |  Info  |  FontManager successfully shutdown  |  C:\Users\Aramis\Documents\PesteTeamRepo\PesteTeam\Dependencies\mygui\MyGUIEngine\src\MyGUI_FontManager.cpp  |  57
11:09:39  |  Core  |  Info  |  * Shutdown: ControllerManager  |  C:\Users\Aramis\Documents\PesteTeamRepo\PesteTeam\Dependencies\mygui\MyGUIEngine\src\MyGUI_ControllerManager.cpp  |  49
11:09:39  |  Core  |  Info  |  ControllerManager successfully shutdown  |  C:\Users\Aramis\Documents\PesteTeamRepo\PesteTeam\Dependencies\mygui\MyGUIEngine\src\MyGUI_ControllerManager.cpp  |  59
11:09:39  |  Core  |  Info  |  * Shutdown: ClipboardManager  |  C:\Users\Aramis\Documents\PesteTeamRepo\PesteTeam\Dependencies\mygui\MyGUIEngine\src\MyGUI_ClipboardManager.cpp  |  46
11:09:39  |  Core  |  Info  |  ClipboardManager successfully shutdown  |  C:\Users\Aramis\Documents\PesteTeamRepo\PesteTeam\Dependencies\mygui\MyGUIEngine\src\MyGUI_ClipboardManager.cpp  |  54
11:09:39  |  Core  |  Info  |  * Shutdown: LayoutManager  |  C:\Users\Aramis\Documents\PesteTeamRepo\PesteTeam\Dependencies\mygui\MyGUIEngine\src\MyGUI_LayoutManager.cpp  |  42
11:09:39  |  Core  |  Info  |  LayoutManager successfully shutdown  |  C:\Users\Aramis\Documents\PesteTeamRepo\PesteTeam\Dependencies\mygui\MyGUIEngine\src\MyGUI_LayoutManager.cpp  |  49
11:09:39  |  Core  |  Info  |  * Shutdown: PluginManager  |  C:\Users\Aramis\Documents\PesteTeamRepo\PesteTeam\Dependencies\mygui\MyGUIEngine\src\MyGUI_PluginManager.cpp  |  41
11:09:39  |  Core  |  Info  |  PluginManager successfully shutdown  |  C:\Users\Aramis\Documents\PesteTeamRepo\PesteTeam\Dependencies\mygui\MyGUIEngine\src\MyGUI_PluginManager.cpp  |  46
11:09:39  |  Core  |  Info  |  * Shutdown: DynLibManager  |  C:\Users\Aramis\Documents\PesteTeamRepo\PesteTeam\Dependencies\mygui\MyGUIEngine\src\MyGUI_DynLibManager.cpp  |  37
11:09:39  |  Core  |  Info  |  DynLibManager successfully shutdown  |  C:\Users\Aramis\Documents\PesteTeamRepo\PesteTeam\Dependencies\mygui\MyGUIEngine\src\MyGUI_DynLibManager.cpp  |  44
11:09:39  |  Core  |  Info  |  * Shutdown: LanguageManager  |  C:\Users\Aramis\Documents\PesteTeamRepo\PesteTeam\Dependencies\mygui\MyGUIEngine\src\MyGUI_LanguageManager.cpp  |  41
11:09:39  |  Core  |  Info  |  LanguageManager successfully shutdown  |  C:\Users\Aramis\Documents\PesteTeamRepo\PesteTeam\Dependencies\mygui\MyGUIEngine\src\MyGUI_LanguageManager.cpp  |  45
11:09:39  |  Core  |  Info  |  * Shutdown: ResourceManager  |  C:\Users\Aramis\Documents\PesteTeamRepo\PesteTeam\Dependencies\mygui\MyGUIEngine\src\MyGUI_ResourceManager.cpp  |  47
11:09:39  |  Core  |  Info  |  ResourceManager successfully shutdown  |  C:\Users\Aramis\Documents\PesteTeamRepo\PesteTeam\Dependencies\mygui\MyGUIEngine\src\MyGUI_ResourceManager.cpp  |  57
11:09:39  |  Core  |  Info  |  * Shutdown: FactoryManager  |  C:\Users\Aramis\Documents\PesteTeamRepo\PesteTeam\Dependencies\mygui\MyGUIEngine\src\MyGUI_FactoryManager.cpp  |  34
11:09:39  |  Core  |  Info  |  FactoryManager successfully shutdown  |  C:\Users\Aramis\Documents\PesteTeamRepo\PesteTeam\Dependencies\mygui\MyGUIEngine\src\MyGUI_FactoryManager.cpp  |  36
11:09:39  |  Core  |  Info  |  * Shutdown: ToolTipManager  |  C:\Users\Aramis\Documents\PesteTeamRepo\PesteTeam\Dependencies\mygui\MyGUIEngine\src\MyGUI_ToolTipManager.cpp  |  52
11:09:39  |  Core  |  Info  |  ToolTipManager successfully shutdown  |  C:\Users\Aramis\Documents\PesteTeamRepo\PesteTeam\Dependencies\mygui\MyGUIEngine\src\MyGUI_ToolTipManager.cpp  |  57
11:09:39  |  Core  |  Info  |  * Shutdown: WidgetManager  |  C:\Users\Aramis\Documents\PesteTeamRepo\PesteTeam\Dependencies\mygui\MyGUIEngine\src\MyGUI_WidgetManager.cpp  |  91
11:09:39  |  Core  |  Info  |  WidgetManager successfully shutdown  |  C:\Users\Aramis\Documents\PesteTeamRepo\PesteTeam\Dependencies\mygui\MyGUIEngine\src\MyGUI_WidgetManager.cpp  |  100
11:09:39  |  Core  |  Info  |  Gui successfully shutdown  |  C:\Users\Aramis\Documents\PesteTeamRepo\PesteTeam\Dependencies\mygui\MyGUIEngine\src\MyGUI_Gui.cpp  |  171
11:09:39  |  Platform  |  Info  |  * Shutdown: RenderManager  |  C:\Users\Aramis\Documents\PesteTeamRepo\PesteTeam\Dependencies\mygui\Platforms\Ogre\OgrePlatform\src\MyGUI_OgreRenderManager.cpp  |  78
11:09:39  |  Platform  |  Info  |  RenderManager successfully shutdown  |  C:\Users\Aramis\Documents\PesteTeamRepo\PesteTeam\Dependencies\mygui\Platforms\Ogre\OgrePlatform\src\MyGUI_OgreRenderManager.cpp  |  86
11:09:39  |  Platform  |  Info  |  * Shutdown: DataManager  |  C:\Users\Aramis\Documents\PesteTeamRepo\PesteTeam\Dependencies\mygui\Platforms\Ogre\OgrePlatform\src\MyGUI_OgreDataManager.cpp  |  42
11:09:39  |  Platform  |  Info  |  DataManager successfully shutdown  |  C:\Users\Aramis\Documents\PesteTeamRepo\PesteTeam\Dependencies\mygui\Platforms\Ogre\OgrePlatform\src\MyGUI_OgreDataManager.cpp  |  44
